#
# There is insufficient memory for the Java Runtime Environment to continue.
# Native memory allocation (mmap) failed to map 126877696 bytes for G1 virtual space
# Possible reasons:
#   The system is out of physical RAM or swap space
#   The process is running with CompressedOops enabled, and the Java Heap may be blocking the growth of the native heap
# Possible solutions:
#   Reduce memory load on the system
#   Increase physical memory or swap space
#   Check if swap backing store is full
#   Decrease Java heap size (-Xmx/-Xms)
#   Decrease number of Java threads
#   Decrease Java thread stack sizes (-Xss)
#   Set larger code cache with -XX:ReservedCodeCacheSize=
#   JVM is running with Unscaled Compressed Oops mode in which the Java heap is
#     placed in the first 4GB address space. The Java Heap base address is the
#     maximum limit for the native heap growth. Please use -XX:HeapBaseMinAddress
#     to set the Java Heap base and to place the Java Heap above 4GB virtual address.
# This output file may be truncated or incomplete.
#
#  Out of Memory Error (os_windows.cpp:3552), pid=19148, tid=18476
#
# JRE version: Java(TM) SE Runtime Environment (17.0.9+11) (build 17.0.9+11-LTS-201)
# Java VM: Java HotSpot(TM) 64-Bit Server VM (17.0.9+11-LTS-201, mixed mode, emulated-client, sharing, tiered, compressed oops, compressed class ptrs, g1 gc, windows-amd64)
# No core dump will be written. Minidumps are not enabled by default on client versions of Windows
#

---------------  S U M M A R Y ------------

Command Line: -Dquarkus-internal.serialized-app-model.path=C:\Users\Usuario\Documents\ProjetosGit\ProjetoTopicos1\target\quarkus\bootstrap\dev-app-model.dat -javaagent:C:\Users\Usuario\.m2\repository\io\quarkus\quarkus-class-change-agent\3.2.4.Final\quarkus-class-change-agent-3.2.4.Final.jar -XX:TieredStopAtLevel=1 -agentlib:jdwp=transport=dt_socket,address=localhost:5005,server=y,suspend=n -Djava.util.logging.manager=org.jboss.logmanager.LogManager C:\Users\Usuario\Documents\ProjetosGit\ProjetoTopicos1\target\quarkus-topicos1-2023-2-dev.jar

Host: 12th Gen Intel(R) Core(TM) i5-1235U, 12 cores, 7G,  Windows 11 , 64 bit Build 22621 (10.0.22621.2506)
Time: Tue Dec 12 19:20:28 2023 Hora oficial do Brasil elapsed time: 1.530115 seconds (0d 0h 0m 1s)

---------------  T H R E A D  ---------------

Current thread (0x00000169351d2620):  VMThread "VM Thread" [stack: 0x0000006655c00000,0x0000006655d00000] [id=18476]

Stack: [0x0000006655c00000,0x0000006655d00000]
Native frames: (J=compiled Java code, j=interpreted, Vv=VM code, C=native code)
V  [jvm.dll+0x678a4a]
V  [jvm.dll+0x7d9cfd]
V  [jvm.dll+0x7db60e]
V  [jvm.dll+0x7dbc73]
V  [jvm.dll+0x245e1f]
V  [jvm.dll+0x6758f9]
V  [jvm.dll+0x66a2a2]
V  [jvm.dll+0x303686]
V  [jvm.dll+0x30ac06]
V  [jvm.dll+0x35a48e]
V  [jvm.dll+0x35a6bf]
V  [jvm.dll+0x2da678]
V  [jvm.dll+0x2d8a85]
V  [jvm.dll+0x2d808c]
V  [jvm.dll+0x31b97b]
V  [jvm.dll+0x7e048b]
V  [jvm.dll+0x7e11c4]
V  [jvm.dll+0x7e16dd]
V  [jvm.dll+0x7e1ab4]
V  [jvm.dll+0x7e1b80]
V  [jvm.dll+0x78998a]
V  [jvm.dll+0x677875]
C  [ucrtbase.dll+0x29363]
C  [KERNEL32.DLL+0x1257d]
C  [ntdll.dll+0x5aa58]

VM_Operation (0x00000066556fcdd0): G1CollectForAllocation, mode: safepoint, requested by thread 0x0000016922fcd370


---------------  P R O C E S S  ---------------

Threads class SMR info:
_java_thread_list=0x000001697bff51d0, length=18, elements={
0x0000016922fcd370, 0x00000169351d88e0, 0x00000169351d9560, 0x00000169351eeba0,
0x00000169351ef820, 0x00000169351f15f0, 0x00000169351f1fb0, 0x00000169351f2a20,
0x00000169351f5430, 0x0000016935250a20, 0x00000169351c00e0, 0x000001693540f8d0,
0x000001693540fea0, 0x0000016935a6a870, 0x0000016935a6d730, 0x0000016935a70a60,
0x000001697bd87f80, 0x000001697be255c0
}

Java Threads: ( => current thread )
  0x0000016922fcd370 JavaThread "main" [_thread_blocked, id=22352, stack(0x0000006655600000,0x0000006655700000)]
  0x00000169351d88e0 JavaThread "Reference Handler" daemon [_thread_blocked, id=6940, stack(0x0000006655d00000,0x0000006655e00000)]
  0x00000169351d9560 JavaThread "Finalizer" daemon [_thread_blocked, id=10936, stack(0x0000006655e00000,0x0000006655f00000)]
  0x00000169351eeba0 JavaThread "Signal Dispatcher" daemon [_thread_blocked, id=16444, stack(0x0000006655f00000,0x0000006656000000)]
  0x00000169351ef820 JavaThread "Attach Listener" daemon [_thread_blocked, id=19868, stack(0x0000006656000000,0x0000006656100000)]
  0x00000169351f15f0 JavaThread "Service Thread" daemon [_thread_blocked, id=15580, stack(0x0000006656100000,0x0000006656200000)]
  0x00000169351f1fb0 JavaThread "Monitor Deflation Thread" daemon [_thread_blocked, id=9456, stack(0x0000006656200000,0x0000006656300000)]
  0x00000169351f2a20 JavaThread "C1 CompilerThread0" daemon [_thread_blocked, id=2256, stack(0x0000006656300000,0x0000006656400000)]
  0x00000169351f5430 JavaThread "Sweeper thread" daemon [_thread_blocked, id=21224, stack(0x0000006656400000,0x0000006656500000)]
  0x0000016935250a20 JavaThread "C1 CompilerThread1" daemon [_thread_blocked, id=19280, stack(0x0000006656500000,0x0000006656600000)]
  0x00000169351c00e0 JavaThread "Common-Cleaner" daemon [_thread_blocked, id=15332, stack(0x0000006656600000,0x0000006656700000)]
  0x000001693540f8d0 JavaThread "C1 CompilerThread2" daemon [_thread_blocked, id=22040, stack(0x0000006656700000,0x0000006656800000)]
  0x000001693540fea0 JavaThread "C1 CompilerThread3" daemon [_thread_blocked, id=22372, stack(0x0000006656800000,0x0000006656900000)]
  0x0000016935a6a870 JavaThread "JDWP Transport Listener: dt_socket" daemon [_thread_in_native, id=2084, stack(0x0000006656900000,0x0000006656a00000)]
  0x0000016935a6d730 JavaThread "JDWP Event Helper Thread" daemon [_thread_blocked, id=6464, stack(0x0000006656a00000,0x0000006656b00000)]
  0x0000016935a70a60 JavaThread "Notification Thread" daemon [_thread_blocked, id=21960, stack(0x0000006656b00000,0x0000006656c00000)]
  0x000001697bd87f80 JavaThread "Quarkus Devmode keep alive thread" [_thread_blocked, id=18580, stack(0x0000006657400000,0x0000006657500000)]
  0x000001697be255c0 JavaThread "ForkJoinPool.commonPool-worker-1" daemon [_thread_blocked, id=14100, stack(0x0000006657500000,0x0000006657600000)]

Other Threads:
=>0x00000169351d2620 VMThread "VM Thread" [stack: 0x0000006655c00000,0x0000006655d00000] [id=18476]
  0x0000016923041550 WatcherThread [stack: 0x0000006656c00000,0x0000006656d00000] [id=12168]
  0x0000016923026c70 GCTaskThread "GC Thread#0" [stack: 0x0000006655700000,0x0000006655800000] [id=16112]
  0x0000016935bf59b0 GCTaskThread "GC Thread#1" [stack: 0x0000006656d00000,0x0000006656e00000] [id=13840]
  0x0000016935c13fd0 GCTaskThread "GC Thread#2" [stack: 0x0000006656e00000,0x0000006656f00000] [id=10012]
  0x0000016935c14290 GCTaskThread "GC Thread#3" [stack: 0x0000006656f00000,0x0000006657000000] [id=10408]
  0x0000016935c14550 GCTaskThread "GC Thread#4" [stack: 0x0000006657000000,0x0000006657100000] [id=2564]
  0x0000016935c14810 GCTaskThread "GC Thread#5" [stack: 0x0000006657100000,0x0000006657200000] [id=3772]
  0x0000016935f7cb90 GCTaskThread "GC Thread#6" [stack: 0x0000006657200000,0x0000006657300000] [id=13052]
  0x000001697c0183b0 GCTaskThread "GC Thread#7" [stack: 0x0000006657600000,0x0000006657700000] [id=19088]
  0x000001697c018670 GCTaskThread "GC Thread#8" [stack: 0x0000006657700000,0x0000006657800000] [id=3440]
  0x000001697c1e7ed0 GCTaskThread "GC Thread#9" [stack: 0x0000006657c00000,0x0000006657d00000] [id=17820]
  0x00000169230373c0 ConcurrentGCThread "G1 Main Marker" [stack: 0x0000006655800000,0x0000006655900000] [id=10308]
  0x0000016923037dd0 ConcurrentGCThread "G1 Conc#0" [stack: 0x0000006655900000,0x0000006655a00000] [id=10860]
  0x00000169350820b0 ConcurrentGCThread "G1 Refine#0" [stack: 0x0000006655a00000,0x0000006655b00000] [id=9036]
  0x0000016935f7e8b0 ConcurrentGCThread "G1 Refine#1" [stack: 0x0000006657300000,0x0000006657400000] [id=20200]
  0x000001697be623f0 ConcurrentGCThread "G1 Refine#2" [stack: 0x0000006657800000,0x0000006657900000] [id=7240]
  0x000001697be266c0 ConcurrentGCThread "G1 Refine#3" [stack: 0x0000006657900000,0x0000006657a00000] [id=12968]
  0x000001697bfff470 ConcurrentGCThread "G1 Refine#4" [stack: 0x0000006657a00000,0x0000006657b00000] [id=16248]
  0x000001697bfff760 ConcurrentGCThread "G1 Refine#5" [stack: 0x0000006657b00000,0x0000006657c00000] [id=15640]
  0x0000016935082ae0 ConcurrentGCThread "G1 Service" [stack: 0x0000006655b00000,0x0000006655c00000] [id=7440]

Threads with active compile tasks:
C1 CompilerThread0     1553 2714       1       org.jboss.logmanager.FastCopyHashMap::get (91 bytes)

VM state: at safepoint (normal execution)

VM Mutex/Monitor currently owned by a thread:  ([mutex/lock_event])
[0x0000016922fc72e0] Threads_lock - owner thread: 0x00000169351d2620
[0x0000016922fc76d0] Heap_lock - owner thread: 0x0000016922fcd370

Heap address: 0x0000000084000000, size: 1984 MB, Compressed Oops mode: 32-bit

CDS archive(s) mapped at: [0x0000016936000000-0x0000016936bd0000-0x0000016936bd0000), size 12386304, SharedBaseAddress: 0x0000016936000000, ArchiveRelocationMode: 1.
Compressed class space mapped at: 0x0000016937000000-0x0000016977000000, reserved size: 1073741824
Narrow klass base: 0x0000016936000000, Narrow klass shift: 0, Narrow klass range: 0x100000000

GC Precious Log:
 CPUs: 12 total, 12 available
 Memory: 7933M
 Large Page Support: Disabled
 NUMA Support: Disabled
 Compressed Oops: Enabled (32-bit)
 Heap Region Size: 1M
 Heap Min Capacity: 8M
 Heap Initial Capacity: 124M
 Heap Max Capacity: 1984M
 Pre-touch: Disabled
 Parallel Workers: 10
 Concurrent Workers: 3
 Concurrent Refinement Workers: 10
 Periodic GC: Disabled

Heap:
 garbage-first heap   total 126976K, used 48486K [0x0000000084000000, 0x0000000100000000)
  region size 1024K, 3 young (3072K), 3 survivors (3072K)
 Metaspace       used 8720K, committed 9024K, reserved 1114112K
  class space    used 1161K, committed 1280K, reserved 1048576K

Heap Regions: E=young(eden), S=young(survivor), O=old, HS=humongous(starts), HC=humongous(continues), CS=collection set, F=free, OA=open archive, CA=closed archive, TAMS=top-at-mark-start (previous, next)
|   0|0x0000000084000000, 0x0000000084100000, 0x0000000084100000|100%|HS|  |TAMS 0x0000000084000000, 0x0000000084000000| Complete 
|   1|0x0000000084100000, 0x0000000084200000, 0x0000000084200000|100%| O|  |TAMS 0x0000000084100000, 0x0000000084100000| Untracked 
|   2|0x0000000084200000, 0x0000000084300000, 0x0000000084300000|100%| O|  |TAMS 0x0000000084200000, 0x0000000084200000| Untracked 
|   3|0x0000000084300000, 0x0000000084400000, 0x0000000084400000|100%| O|  |TAMS 0x0000000084300000, 0x0000000084300000| Untracked 
|   4|0x0000000084400000, 0x0000000084500000, 0x0000000084500000|100%| O|  |TAMS 0x0000000084400000, 0x0000000084400000| Untracked 
|   5|0x0000000084500000, 0x0000000084600000, 0x0000000084600000|100%| O|  |TAMS 0x0000000084500000, 0x0000000084500000| Untracked 
|   6|0x0000000084600000, 0x0000000084700000, 0x0000000084700000|100%| O|  |TAMS 0x0000000084600000, 0x0000000084600000| Untracked 
|   7|0x0000000084700000, 0x0000000084800000, 0x0000000084800000|100%| O|  |TAMS 0x0000000084700000, 0x0000000084700000| Untracked 
|   8|0x0000000084800000, 0x0000000084900000, 0x0000000084900000|100%| O|  |TAMS 0x0000000084800000, 0x0000000084800000| Untracked 
|   9|0x0000000084900000, 0x0000000084a00000, 0x0000000084a00000|100%|HS|  |TAMS 0x0000000084900000, 0x0000000084900000| Complete 
|  10|0x0000000084a00000, 0x0000000084b00000, 0x0000000084b00000|100%|HC|  |TAMS 0x0000000084a00000, 0x0000000084a00000| Complete 
|  11|0x0000000084b00000, 0x0000000084c00000, 0x0000000084c00000|100%| O|  |TAMS 0x0000000084b00000, 0x0000000084b00000| Untracked 
|  12|0x0000000084c00000, 0x0000000084d00000, 0x0000000084d00000|100%| O|  |TAMS 0x0000000084c00000, 0x0000000084c00000| Untracked 
|  13|0x0000000084d00000, 0x0000000084e00000, 0x0000000084e00000|100%| O|  |TAMS 0x0000000084d00000, 0x0000000084d00000| Untracked 
|  14|0x0000000084e00000, 0x0000000084f00000, 0x0000000084f00000|100%| O|  |TAMS 0x0000000084e00000, 0x0000000084e00000| Untracked 
|  15|0x0000000084f00000, 0x0000000085000000, 0x0000000085000000|100%| O|  |TAMS 0x0000000084f00000, 0x0000000084f00000| Untracked 
|  16|0x0000000085000000, 0x0000000085100000, 0x0000000085100000|100%| O|  |TAMS 0x0000000085000000, 0x0000000085000000| Untracked 
|  17|0x0000000085100000, 0x0000000085200000, 0x0000000085200000|100%| O|  |TAMS 0x0000000085100000, 0x0000000085100000| Untracked 
|  18|0x0000000085200000, 0x0000000085300000, 0x0000000085300000|100%| O|  |TAMS 0x0000000085200000, 0x0000000085200000| Untracked 
|  19|0x0000000085300000, 0x0000000085400000, 0x0000000085400000|100%| O|  |TAMS 0x0000000085300000, 0x0000000085300000| Untracked 
|  20|0x0000000085400000, 0x0000000085500000, 0x0000000085500000|100%| O|  |TAMS 0x0000000085400000, 0x0000000085400000| Untracked 
|  21|0x0000000085500000, 0x0000000085600000, 0x0000000085600000|100%| O|  |TAMS 0x0000000085500000, 0x0000000085500000| Untracked 
|  22|0x0000000085600000, 0x0000000085700000, 0x0000000085700000|100%| O|  |TAMS 0x0000000085600000, 0x0000000085600000| Untracked 
|  23|0x0000000085700000, 0x0000000085800000, 0x0000000085800000|100%| O|  |TAMS 0x0000000085700000, 0x0000000085700000| Untracked 
|  24|0x0000000085800000, 0x0000000085900000, 0x0000000085900000|100%| O|  |TAMS 0x0000000085800000, 0x0000000085800000| Untracked 
|  25|0x0000000085900000, 0x0000000085a00000, 0x0000000085a00000|100%| O|  |TAMS 0x0000000085900000, 0x0000000085900000| Untracked 
|  26|0x0000000085a00000, 0x0000000085b00000, 0x0000000085b00000|100%| O|  |TAMS 0x0000000085a00000, 0x0000000085a00000| Untracked 
|  27|0x0000000085b00000, 0x0000000085c00000, 0x0000000085c00000|100%| O|  |TAMS 0x0000000085b00000, 0x0000000085b00000| Untracked 
|  28|0x0000000085c00000, 0x0000000085d00000, 0x0000000085d00000|100%|HS|  |TAMS 0x0000000085c00000, 0x0000000085c00000| Complete 
|  29|0x0000000085d00000, 0x0000000085e00000, 0x0000000085e00000|100%|HS|  |TAMS 0x0000000085d00000, 0x0000000085d00000| Complete 
|  30|0x0000000085e00000, 0x0000000085f00000, 0x0000000085f00000|100%| O|  |TAMS 0x0000000085e00000, 0x0000000085e00000| Untracked 
|  31|0x0000000085f00000, 0x0000000086000000, 0x0000000086000000|100%| O|  |TAMS 0x0000000085f00000, 0x0000000085f00000| Untracked 
|  32|0x0000000086000000, 0x0000000086100000, 0x0000000086100000|100%| O|  |TAMS 0x0000000086000000, 0x0000000086000000| Untracked 
|  33|0x0000000086100000, 0x0000000086200000, 0x0000000086200000|100%| O|  |TAMS 0x0000000086100000, 0x0000000086100000| Untracked 
|  34|0x0000000086200000, 0x0000000086300000, 0x0000000086300000|100%| O|  |TAMS 0x0000000086200000, 0x0000000086200000| Untracked 
|  35|0x0000000086300000, 0x0000000086400000, 0x0000000086400000|100%| O|  |TAMS 0x0000000086300000, 0x0000000086300000| Untracked 
|  36|0x0000000086400000, 0x0000000086500000, 0x0000000086500000|100%| O|  |TAMS 0x0000000086400000, 0x0000000086400000| Untracked 
|  37|0x0000000086500000, 0x0000000086600000, 0x0000000086600000|100%| O|  |TAMS 0x0000000086500000, 0x0000000086500000| Untracked 
|  38|0x0000000086600000, 0x0000000086700000, 0x0000000086700000|100%| O|  |TAMS 0x0000000086600000, 0x0000000086600000| Untracked 
|  39|0x0000000086700000, 0x0000000086800000, 0x0000000086800000|100%| O|  |TAMS 0x0000000086700000, 0x0000000086700000| Untracked 
|  40|0x0000000086800000, 0x0000000086900000, 0x0000000086900000|100%| O|  |TAMS 0x0000000086800000, 0x0000000086800000| Untracked 
|  41|0x0000000086900000, 0x0000000086a00000, 0x0000000086a00000|100%| O|  |TAMS 0x0000000086900000, 0x0000000086900000| Untracked 
|  42|0x0000000086a00000, 0x0000000086b00000, 0x0000000086b00000|100%| O|  |TAMS 0x0000000086a00000, 0x0000000086a00000| Untracked 
|  43|0x0000000086b00000, 0x0000000086c00000, 0x0000000086c00000|100%| O|  |TAMS 0x0000000086b00000, 0x0000000086b00000| Untracked 
|  44|0x0000000086c00000, 0x0000000086c6c600, 0x0000000086d00000| 42%| O|  |TAMS 0x0000000086c00000, 0x0000000086c00000| Untracked 
|  45|0x0000000086d00000, 0x0000000086d00000, 0x0000000086e00000|  0%| F|  |TAMS 0x0000000086d00000, 0x0000000086d00000| Untracked 
|  46|0x0000000086e00000, 0x0000000086e00000, 0x0000000086f00000|  0%| F|  |TAMS 0x0000000086e00000, 0x0000000086e00000| Untracked 
|  47|0x0000000086f00000, 0x0000000086f00000, 0x0000000087000000|  0%| F|  |TAMS 0x0000000086f00000, 0x0000000086f00000| Untracked 
|  48|0x0000000087000000, 0x0000000087000000, 0x0000000087100000|  0%| F|  |TAMS 0x0000000087000000, 0x0000000087000000| Untracked 
|  49|0x0000000087100000, 0x0000000087100000, 0x0000000087200000|  0%| F|  |TAMS 0x0000000087100000, 0x0000000087100000| Untracked 
|  50|0x0000000087200000, 0x0000000087200000, 0x0000000087300000|  0%| F|  |TAMS 0x0000000087200000, 0x0000000087200000| Untracked 
|  51|0x0000000087300000, 0x0000000087300000, 0x0000000087400000|  0%| F|  |TAMS 0x0000000087300000, 0x0000000087300000| Untracked 
|  52|0x0000000087400000, 0x0000000087400000, 0x0000000087500000|  0%| F|  |TAMS 0x0000000087400000, 0x0000000087400000| Untracked 
|  53|0x0000000087500000, 0x0000000087500000, 0x0000000087600000|  0%| F|  |TAMS 0x0000000087500000, 0x0000000087500000| Untracked 
|  54|0x0000000087600000, 0x0000000087600000, 0x0000000087700000|  0%| F|  |TAMS 0x0000000087600000, 0x0000000087600000| Untracked 
|  55|0x0000000087700000, 0x0000000087700000, 0x0000000087800000|  0%| F|  |TAMS 0x0000000087700000, 0x0000000087700000| Untracked 
|  56|0x0000000087800000, 0x0000000087800000, 0x0000000087900000|  0%| F|  |TAMS 0x0000000087800000, 0x0000000087800000| Untracked 
|  57|0x0000000087900000, 0x0000000087900000, 0x0000000087a00000|  0%| F|  |TAMS 0x0000000087900000, 0x0000000087900000| Untracked 
|  58|0x0000000087a00000, 0x0000000087a00000, 0x0000000087b00000|  0%| F|  |TAMS 0x0000000087a00000, 0x0000000087a00000| Untracked 
|  59|0x0000000087b00000, 0x0000000087b00000, 0x0000000087c00000|  0%| F|  |TAMS 0x0000000087b00000, 0x0000000087b00000| Untracked 
|  60|0x0000000087c00000, 0x0000000087c00000, 0x0000000087d00000|  0%| F|  |TAMS 0x0000000087c00000, 0x0000000087c00000| Untracked 
|  61|0x0000000087d00000, 0x0000000087d00000, 0x0000000087e00000|  0%| F|  |TAMS 0x0000000087d00000, 0x0000000087d00000| Untracked 
|  62|0x0000000087e00000, 0x0000000087e00000, 0x0000000087f00000|  0%| F|  |TAMS 0x0000000087e00000, 0x0000000087e00000| Untracked 
|  63|0x0000000087f00000, 0x0000000087f00000, 0x0000000088000000|  0%| F|  |TAMS 0x0000000087f00000, 0x0000000087f00000| Untracked 
|  64|0x0000000088000000, 0x0000000088000000, 0x0000000088100000|  0%| F|  |TAMS 0x0000000088000000, 0x0000000088000000| Untracked 
|  65|0x0000000088100000, 0x0000000088100000, 0x0000000088200000|  0%| F|  |TAMS 0x0000000088100000, 0x0000000088100000| Untracked 
|  66|0x0000000088200000, 0x0000000088200000, 0x0000000088300000|  0%| F|  |TAMS 0x0000000088200000, 0x0000000088200000| Untracked 
|  67|0x0000000088300000, 0x0000000088300000, 0x0000000088400000|  0%| F|  |TAMS 0x0000000088300000, 0x0000000088300000| Untracked 
|  68|0x0000000088400000, 0x0000000088400000, 0x0000000088500000|  0%| F|  |TAMS 0x0000000088400000, 0x0000000088400000| Untracked 
|  69|0x0000000088500000, 0x0000000088500000, 0x0000000088600000|  0%| F|  |TAMS 0x0000000088500000, 0x0000000088500000| Untracked 
|  70|0x0000000088600000, 0x0000000088600000, 0x0000000088700000|  0%| F|  |TAMS 0x0000000088600000, 0x0000000088600000| Untracked 
|  71|0x0000000088700000, 0x0000000088700000, 0x0000000088800000|  0%| F|  |TAMS 0x0000000088700000, 0x0000000088700000| Untracked 
|  72|0x0000000088800000, 0x0000000088800000, 0x0000000088900000|  0%| F|  |TAMS 0x0000000088800000, 0x0000000088800000| Untracked 
|  73|0x0000000088900000, 0x0000000088900000, 0x0000000088a00000|  0%| F|  |TAMS 0x0000000088900000, 0x0000000088900000| Untracked 
|  74|0x0000000088a00000, 0x0000000088a00000, 0x0000000088b00000|  0%| F|  |TAMS 0x0000000088a00000, 0x0000000088a00000| Untracked 
|  75|0x0000000088b00000, 0x0000000088b00000, 0x0000000088c00000|  0%| F|  |TAMS 0x0000000088b00000, 0x0000000088b00000| Untracked 
|  76|0x0000000088c00000, 0x0000000088c00000, 0x0000000088d00000|  0%| F|  |TAMS 0x0000000088c00000, 0x0000000088c00000| Untracked 
|  77|0x0000000088d00000, 0x0000000088d00000, 0x0000000088e00000|  0%| F|  |TAMS 0x0000000088d00000, 0x0000000088d00000| Untracked 
|  78|0x0000000088e00000, 0x0000000088e00000, 0x0000000088f00000|  0%| F|  |TAMS 0x0000000088e00000, 0x0000000088e00000| Untracked 
|  79|0x0000000088f00000, 0x0000000088f00000, 0x0000000089000000|  0%| F|  |TAMS 0x0000000088f00000, 0x0000000088f00000| Untracked 
|  80|0x0000000089000000, 0x0000000089000000, 0x0000000089100000|  0%| F|  |TAMS 0x0000000089000000, 0x0000000089000000| Untracked 
|  81|0x0000000089100000, 0x0000000089100000, 0x0000000089200000|  0%| F|  |TAMS 0x0000000089100000, 0x0000000089100000| Untracked 
|  82|0x0000000089200000, 0x0000000089200000, 0x0000000089300000|  0%| F|  |TAMS 0x0000000089200000, 0x0000000089200000| Untracked 
|  83|0x0000000089300000, 0x0000000089300000, 0x0000000089400000|  0%| F|  |TAMS 0x0000000089300000, 0x0000000089300000| Untracked 
|  84|0x0000000089400000, 0x0000000089400000, 0x0000000089500000|  0%| F|  |TAMS 0x0000000089400000, 0x0000000089400000| Untracked 
|  85|0x0000000089500000, 0x0000000089500000, 0x0000000089600000|  0%| F|  |TAMS 0x0000000089500000, 0x0000000089500000| Untracked 
|  86|0x0000000089600000, 0x0000000089600000, 0x0000000089700000|  0%| F|  |TAMS 0x0000000089600000, 0x0000000089600000| Untracked 
|  87|0x0000000089700000, 0x0000000089700000, 0x0000000089800000|  0%| F|  |TAMS 0x0000000089700000, 0x0000000089700000| Untracked 
|  88|0x0000000089800000, 0x0000000089800000, 0x0000000089900000|  0%| F|  |TAMS 0x0000000089800000, 0x0000000089800000| Untracked 
|  89|0x0000000089900000, 0x00000000899ed330, 0x0000000089a00000| 92%| S|CS|TAMS 0x0000000089900000, 0x0000000089900000| Complete 
|  90|0x0000000089a00000, 0x0000000089b00000, 0x0000000089b00000|100%| S|CS|TAMS 0x0000000089a00000, 0x0000000089a00000| Complete 
|  91|0x0000000089b00000, 0x0000000089c00000, 0x0000000089c00000|100%| S|CS|TAMS 0x0000000089b00000, 0x0000000089b00000| Complete 
|  92|0x0000000089c00000, 0x0000000089c00000, 0x0000000089d00000|  0%| F|  |TAMS 0x0000000089c00000, 0x0000000089c00000| Untracked 
|  93|0x0000000089d00000, 0x0000000089d00000, 0x0000000089e00000|  0%| F|  |TAMS 0x0000000089d00000, 0x0000000089d00000| Untracked 
|  94|0x0000000089e00000, 0x0000000089e00000, 0x0000000089f00000|  0%| F|  |TAMS 0x0000000089e00000, 0x0000000089e00000| Untracked 
|  95|0x0000000089f00000, 0x0000000089f00000, 0x000000008a000000|  0%| F|  |TAMS 0x0000000089f00000, 0x0000000089f00000| Untracked 
|  96|0x000000008a000000, 0x000000008a000000, 0x000000008a100000|  0%| F|  |TAMS 0x000000008a000000, 0x000000008a000000| Untracked 
|  97|0x000000008a100000, 0x000000008a100000, 0x000000008a200000|  0%| F|  |TAMS 0x000000008a100000, 0x000000008a100000| Untracked 
|  98|0x000000008a200000, 0x000000008a200000, 0x000000008a300000|  0%| F|  |TAMS 0x000000008a200000, 0x000000008a200000| Untracked 
|  99|0x000000008a300000, 0x000000008a300000, 0x000000008a400000|  0%| F|  |TAMS 0x000000008a300000, 0x000000008a300000| Untracked 
| 100|0x000000008a400000, 0x000000008a400000, 0x000000008a500000|  0%| F|  |TAMS 0x000000008a400000, 0x000000008a400000| Untracked 
| 101|0x000000008a500000, 0x000000008a500000, 0x000000008a600000|  0%| F|  |TAMS 0x000000008a500000, 0x000000008a500000| Untracked 
| 102|0x000000008a600000, 0x000000008a600000, 0x000000008a700000|  0%| F|  |TAMS 0x000000008a600000, 0x000000008a600000| Untracked 
| 103|0x000000008a700000, 0x000000008a700000, 0x000000008a800000|  0%| F|  |TAMS 0x000000008a700000, 0x000000008a700000| Untracked 
| 104|0x000000008a800000, 0x000000008a800000, 0x000000008a900000|  0%| F|  |TAMS 0x000000008a800000, 0x000000008a800000| Untracked 
| 105|0x000000008a900000, 0x000000008a900000, 0x000000008aa00000|  0%| F|  |TAMS 0x000000008a900000, 0x000000008a900000| Untracked 
| 106|0x000000008aa00000, 0x000000008aa00000, 0x000000008ab00000|  0%| F|  |TAMS 0x000000008aa00000, 0x000000008aa00000| Untracked 
| 107|0x000000008ab00000, 0x000000008ab00000, 0x000000008ac00000|  0%| F|  |TAMS 0x000000008ab00000, 0x000000008ab00000| Untracked 
| 108|0x000000008ac00000, 0x000000008ac00000, 0x000000008ad00000|  0%| F|  |TAMS 0x000000008ac00000, 0x000000008ac00000| Untracked 
| 109|0x000000008ad00000, 0x000000008ad00000, 0x000000008ae00000|  0%| F|  |TAMS 0x000000008ad00000, 0x000000008ad00000| Untracked 
| 110|0x000000008ae00000, 0x000000008ae00000, 0x000000008af00000|  0%| F|  |TAMS 0x000000008ae00000, 0x000000008ae00000| Untracked 
| 111|0x000000008af00000, 0x000000008af00000, 0x000000008b000000|  0%| F|  |TAMS 0x000000008af00000, 0x000000008af00000| Untracked 
| 112|0x000000008b000000, 0x000000008b000000, 0x000000008b100000|  0%| F|  |TAMS 0x000000008b000000, 0x000000008b000000| Untracked 
| 113|0x000000008b100000, 0x000000008b100000, 0x000000008b200000|  0%| F|  |TAMS 0x000000008b100000, 0x000000008b100000| Untracked 
| 114|0x000000008b200000, 0x000000008b200000, 0x000000008b300000|  0%| F|  |TAMS 0x000000008b200000, 0x000000008b200000| Untracked 
| 115|0x000000008b300000, 0x000000008b300000, 0x000000008b400000|  0%| F|  |TAMS 0x000000008b300000, 0x000000008b300000| Untracked 
| 116|0x000000008b400000, 0x000000008b400000, 0x000000008b500000|  0%| F|  |TAMS 0x000000008b400000, 0x000000008b400000| Untracked 
| 117|0x000000008b500000, 0x000000008b500000, 0x000000008b600000|  0%| F|  |TAMS 0x000000008b500000, 0x000000008b500000| Untracked 
| 118|0x000000008b600000, 0x000000008b600000, 0x000000008b700000|  0%| F|  |TAMS 0x000000008b600000, 0x000000008b600000| Untracked 
| 119|0x000000008b700000, 0x000000008b700000, 0x000000008b800000|  0%| F|  |TAMS 0x000000008b700000, 0x000000008b700000| Untracked 
| 120|0x000000008b800000, 0x000000008b800000, 0x000000008b900000|  0%| F|  |TAMS 0x000000008b800000, 0x000000008b800000| Untracked 
| 121|0x000000008b900000, 0x000000008b900000, 0x000000008ba00000|  0%| F|  |TAMS 0x000000008b900000, 0x000000008b900000| Untracked 
| 122|0x000000008ba00000, 0x000000008ba00000, 0x000000008bb00000|  0%| F|  |TAMS 0x000000008ba00000, 0x000000008ba00000| Untracked 
| 123|0x000000008bb00000, 0x000000008bb00000, 0x000000008bc00000|  0%| F|  |TAMS 0x000000008bb00000, 0x000000008bb00000| Untracked 

Card table byte_map: [0x000001692df80000,0x000001692e360000] _byte_map_base: 0x000001692db60000

Marking Bits (Prev, Next): (CMBitMap*) 0x0000016923027290, (CMBitMap*) 0x00000169230272d0
 Prev Bits: [0x000001692e740000, 0x0000016930640000)
 Next Bits: [0x0000016930640000, 0x0000016932540000)

Polling page: 0x0000016920fd0000

Metaspace:

Usage:
  Non-class:      7.38 MB used.
      Class:      1.13 MB used.
       Both:      8.52 MB used.

Virtual space:
  Non-class space:       64.00 MB reserved,       7.56 MB ( 12%) committed,  1 nodes.
      Class space:        1.00 GB reserved,       1.25 MB ( <1%) committed,  1 nodes.
             Both:        1.06 GB reserved,       8.81 MB ( <1%) committed. 

Chunk freelists:
   Non-Class:  7.34 MB
       Class:  14.66 MB
        Both:  22.01 MB

MaxMetaspaceSize: unlimited
CompressedClassSpaceSize: 1.00 GB
Initial GC threshold: 21.00 MB
Current GC threshold: 21.00 MB
CDS: on
MetaspaceReclaimPolicy: balanced
 - commit_granule_bytes: 65536.
 - commit_granule_words: 8192.
 - virtual_space_node_default_size: 8388608.
 - enlarge_chunks_in_place: 1.
 - new_chunks_are_fully_committed: 0.
 - uncommit_free_chunks: 1.
 - use_allocation_guard: 0.
 - handle_deallocations: 1.


Internal statistics:

num_allocs_failed_limit: 0.
num_arena_births: 276.
num_arena_deaths: 0.
num_vsnodes_births: 2.
num_vsnodes_deaths: 0.
num_space_committed: 141.
num_space_uncommitted: 0.
num_chunks_returned_to_freelist: 0.
num_chunks_taken_from_freelist: 633.
num_chunk_merges: 0.
num_chunk_splits: 371.
num_chunks_enlarged: 207.
num_inconsistent_stats: 0.

CodeCache: size=49152Kb used=7309Kb max_used=7309Kb free=41842Kb
 bounds [0x000001692a870000, 0x000001692afa0000, 0x000001692d870000]
 total_blobs=3166 nmethods=2712 adapters=378
 compilation: enabled
              stopped_count=0, restarted_count=0
 full_count=0

Compilation events (20 events):
Event: 1.485 Thread 0x000001693540f8d0 2706   !   1       java.util.zip.ZipFile::getManifestName (61 bytes)
Event: 1.485 Thread 0x0000016935250a20 nmethod 2698 0x000001692af89810 code [0x000001692af89a40, 0x000001692af89e68]
Event: 1.485 Thread 0x000001693540fea0 nmethod 2701 0x000001692af8a210 code [0x000001692af8a480, 0x000001692af8ac48]
Event: 1.485 Thread 0x000001693540f8d0 nmethod 2706 0x000001692af8b290 code [0x000001692af8b460, 0x000001692af8b6f8]
Event: 1.486 Thread 0x00000169351f2a20 nmethod 2704 0x000001692af8b890 code [0x000001692af8bc80, 0x000001692af8d158]
Event: 1.488 Thread 0x0000016935250a20 2707       1       java.net.JarURLConnection::getJarFileURL (5 bytes)
Event: 1.488 Thread 0x0000016935250a20 nmethod 2707 0x000001692af8e390 code [0x000001692af8e520, 0x000001692af8e5f8]
Event: 1.488 Thread 0x0000016935250a20 2709       1       java.lang.ref.ReferenceQueue$Lock::<init> (5 bytes)
Event: 1.488 Thread 0x000001693540fea0 2708       1       java.lang.ref.ReferenceQueue::<init> (21 bytes)
Event: 1.488 Thread 0x0000016935250a20 nmethod 2709 0x000001692af8e690 code [0x000001692af8e820, 0x000001692af8e8d8]
Event: 1.488 Thread 0x000001693540fea0 nmethod 2708 0x000001692af8e990 code [0x000001692af8eb20, 0x000001692af8ec98]
Event: 1.492 Thread 0x000001693540fea0 2710       1       java.util.WeakHashMap::isEmpty (13 bytes)
Event: 1.492 Thread 0x0000016935250a20 2711       1       java.util.WeakHashMap::size (18 bytes)
Event: 1.492 Thread 0x0000016935250a20 nmethod 2711 0x000001692af8ed90 code [0x000001692af8ef20, 0x000001692af8f048]
Event: 1.492 Thread 0x000001693540fea0 nmethod 2710 0x000001692af8f110 code [0x000001692af8f2a0, 0x000001692af8f3c8]
Event: 1.500 Thread 0x000001693540fea0 2712   !   1       java.util.concurrent.ConcurrentHashMap::transfer (849 bytes)
Event: 1.502 Thread 0x000001693540fea0 nmethod 2712 0x000001692af8f490 code [0x000001692af8f7a0, 0x000001692af91768]
Event: 1.515 Thread 0x000001693540fea0 2713       1       org.jboss.logmanager.CopyOnWriteMap::get (9 bytes)
Event: 1.515 Thread 0x00000169351f2a20 2714       1       org.jboss.logmanager.FastCopyHashMap::get (91 bytes)
Event: 1.515 Thread 0x000001693540fea0 nmethod 2713 0x000001692af93190 code [0x000001692af93320, 0x000001692af93428]

GC Heap History (9 events):
Event: 0.459 GC heap before
{Heap before GC invocations=0 (full 0):
 garbage-first heap   total 126976K, used 23552K [0x0000000084000000, 0x0000000100000000)
  region size 1024K, 23 young (23552K), 0 survivors (0K)
 Metaspace       used 3092K, committed 3328K, reserved 1114112K
  class space    used 354K, committed 448K, reserved 1048576K
}
Event: 0.470 GC heap after
{Heap after GC invocations=1 (full 0):
 garbage-first heap   total 126976K, used 12001K [0x0000000084000000, 0x0000000100000000)
  region size 1024K, 3 young (3072K), 3 survivors (3072K)
 Metaspace       used 3092K, committed 3328K, reserved 1114112K
  class space    used 354K, committed 448K, reserved 1048576K
}
Event: 0.617 GC heap before
{Heap before GC invocations=1 (full 0):
 garbage-first heap   total 126976K, used 35553K [0x0000000084000000, 0x0000000100000000)
  region size 1024K, 24 young (24576K), 3 survivors (3072K)
 Metaspace       used 3316K, committed 3520K, reserved 1114112K
  class space    used 398K, committed 512K, reserved 1048576K
}
Event: 0.632 GC heap after
{Heap after GC invocations=2 (full 0):
 garbage-first heap   total 126976K, used 25088K [0x0000000084000000, 0x0000000100000000)
  region size 1024K, 3 young (3072K), 3 survivors (3072K)
 Metaspace       used 3316K, committed 3520K, reserved 1114112K
  class space    used 398K, committed 512K, reserved 1048576K
}
Event: 0.741 GC heap before
{Heap before GC invocations=2 (full 0):
 garbage-first heap   total 126976K, used 51712K [0x0000000084000000, 0x0000000100000000)
  region size 1024K, 29 young (29696K), 3 survivors (3072K)
 Metaspace       used 3316K, committed 3520K, reserved 1114112K
  class space    used 398K, committed 512K, reserved 1048576K
}
Event: 0.764 GC heap after
{Heap after GC invocations=3 (full 0):
 garbage-first heap   total 126976K, used 32256K [0x0000000084000000, 0x0000000100000000)
  region size 1024K, 4 young (4096K), 4 survivors (4096K)
 Metaspace       used 3316K, committed 3520K, reserved 1114112K
  class space    used 398K, committed 512K, reserved 1048576K
}
Event: 1.080 GC heap before
{Heap before GC invocations=3 (full 0):
 garbage-first heap   total 126976K, used 71168K [0x0000000084000000, 0x0000000100000000)
  region size 1024K, 40 young (40960K), 4 survivors (4096K)
 Metaspace       used 5580K, committed 5888K, reserved 1114112K
  class space    used 688K, committed 832K, reserved 1048576K
}
Event: 1.096 GC heap after
{Heap after GC invocations=4 (full 0):
 garbage-first heap   total 126976K, used 45056K [0x0000000084000000, 0x0000000100000000)
  region size 1024K, 5 young (5120K), 5 survivors (5120K)
 Metaspace       used 5580K, committed 5888K, reserved 1114112K
  class space    used 688K, committed 832K, reserved 1048576K
}
Event: 1.516 GC heap before
{Heap before GC invocations=4 (full 0):
 garbage-first heap   total 126976K, used 77824K [0x0000000084000000, 0x0000000100000000)
  region size 1024K, 37 young (37888K), 5 survivors (5120K)
 Metaspace       used 8720K, committed 9024K, reserved 1114112K
  class space    used 1161K, committed 1280K, reserved 1048576K
}

Deoptimization events (20 events):
Event: 1.461 Thread 0x0000016922fcd370 DEOPT PACKING pc=0x000001692acbad14 sp=0x00000066556fe3a0
Event: 1.461 Thread 0x0000016922fcd370 DEOPT UNPACKING pc=0x000001692a8c2b43 sp=0x00000066556fd860 mode 1
Event: 1.461 Thread 0x0000016922fcd370 DEOPT PACKING pc=0x000001692acba834 sp=0x00000066556fe420
Event: 1.461 Thread 0x0000016922fcd370 DEOPT UNPACKING pc=0x000001692a8c2b43 sp=0x00000066556fd8f8 mode 1
Event: 1.461 Thread 0x0000016922fcd370 DEOPT PACKING pc=0x000001692acbedc4 sp=0x00000066556fe0d0
Event: 1.461 Thread 0x0000016922fcd370 DEOPT UNPACKING pc=0x000001692a8c2b43 sp=0x00000066556fd590 mode 1
Event: 1.461 Thread 0x0000016922fcd370 DEOPT PACKING pc=0x000001692acc284c sp=0x00000066556fe180
Event: 1.461 Thread 0x0000016922fcd370 DEOPT UNPACKING pc=0x000001692a8c2b43 sp=0x00000066556fd668 mode 1
Event: 1.461 Thread 0x0000016922fcd370 DEOPT PACKING pc=0x000001692acbf44c sp=0x00000066556fe270
Event: 1.461 Thread 0x0000016922fcd370 DEOPT UNPACKING pc=0x000001692a8c2b43 sp=0x00000066556fd7b8 mode 1
Event: 1.463 Thread 0x0000016922fcd370 DEOPT PACKING pc=0x000001692acbedc4 sp=0x00000066556fddd0
Event: 1.463 Thread 0x0000016922fcd370 DEOPT UNPACKING pc=0x000001692a8c2b43 sp=0x00000066556fd290 mode 1
Event: 1.463 Thread 0x0000016922fcd370 DEOPT PACKING pc=0x000001692acc284c sp=0x00000066556fde80
Event: 1.463 Thread 0x0000016922fcd370 DEOPT UNPACKING pc=0x000001692a8c2b43 sp=0x00000066556fd368 mode 1
Event: 1.463 Thread 0x0000016922fcd370 DEOPT PACKING pc=0x000001692acbf44c sp=0x00000066556fdf70
Event: 1.463 Thread 0x0000016922fcd370 DEOPT UNPACKING pc=0x000001692a8c2b43 sp=0x00000066556fd4b8 mode 1
Event: 1.463 Thread 0x0000016922fcd370 DEOPT PACKING pc=0x000001692acef01c sp=0x00000066556fe140
Event: 1.463 Thread 0x0000016922fcd370 DEOPT UNPACKING pc=0x000001692a8c2b43 sp=0x00000066556fd5e0 mode 1
Event: 1.463 Thread 0x0000016922fcd370 DEOPT PACKING pc=0x000001692ad887a4 sp=0x00000066556fe2a0
Event: 1.463 Thread 0x0000016922fcd370 DEOPT UNPACKING pc=0x000001692a8c2b43 sp=0x00000066556fd768 mode 1

Classes unloaded (0 events):
No events

Classes redefined (0 events):
No events

Internal exceptions (20 events):
Event: 1.307 Thread 0x0000016922fcd370 Exception <a 'sun/nio/fs/WindowsException'{0x000000008ad81a50}> (0x000000008ad81a50) 
thrown [s\open\src\hotspot\share\prims\jni.cpp, line 516]
Event: 1.307 Thread 0x0000016922fcd370 Exception <a 'sun/nio/fs/WindowsException'{0x000000008ad81d98}> (0x000000008ad81d98) 
thrown [s\open\src\hotspot\share\prims\jni.cpp, line 516]
Event: 1.307 Thread 0x0000016922fcd370 Exception <a 'sun/nio/fs/WindowsException'{0x000000008ad82030}> (0x000000008ad82030) 
thrown [s\open\src\hotspot\share\prims\jni.cpp, line 516]
Event: 1.320 Thread 0x0000016922fcd370 Exception <a 'java/lang/NoSuchMethodError'{0x000000008acb0b50}: 'java.lang.Object java.lang.invoke.Invokers$Holder.invokeExact_MT(java.lang.Object, java.lang.Object, java.lang.Object, java.lang.Object, java.lang.Object, java.lang.Object)'> (0x000000008acb0b50) 
thrown [s\open\src\hotspot\share\interpreter\linkResolver.cpp, line 759]
Event: 1.332 Thread 0x0000016922fcd370 Exception <a 'java/lang/NoSuchMethodError'{0x000000008ab50270}: 'int java.lang.invoke.DirectMethodHandle$Holder.invokeVirtual(java.lang.Object, java.lang.Object)'> (0x000000008ab50270) 
thrown [s\open\src\hotspot\share\interpreter\linkResolver.cpp, line 759]
Event: 1.337 Thread 0x0000016922fcd370 Exception <a 'sun/nio/fs/WindowsException'{0x000000008ab8a878}> (0x000000008ab8a878) 
thrown [s\open\src\hotspot\share\prims\jni.cpp, line 516]
Event: 1.397 Thread 0x0000016922fcd370 Exception <a 'java/lang/NoSuchMethodError'{0x000000008a682648}: 'void java.lang.invoke.DirectMethodHandle$Holder.invokeInterface(java.lang.Object, java.lang.Object, java.lang.Object, java.lang.Object)'> (0x000000008a682648) 
thrown [s\open\src\hotspot\share\interpreter\linkResolver.cpp, line 759]
Event: 1.458 Thread 0x0000016922fcd370 Exception <a 'sun/nio/fs/WindowsException'{0x000000008a2fc598}> (0x000000008a2fc598) 
thrown [s\open\src\hotspot\share\prims\jni.cpp, line 516]
Event: 1.458 Thread 0x0000016922fcd370 Exception <a 'sun/nio/fs/WindowsException'{0x000000008a2fd240}> (0x000000008a2fd240) 
thrown [s\open\src\hotspot\share\prims\jni.cpp, line 516]
Event: 1.458 Thread 0x0000016922fcd370 Exception <a 'sun/nio/fs/WindowsException'{0x000000008a2fdb00}> (0x000000008a2fdb00) 
thrown [s\open\src\hotspot\share\prims\jni.cpp, line 516]
Event: 1.458 Thread 0x0000016922fcd370 Exception <a 'sun/nio/fs/WindowsException'{0x000000008a2fe190}> (0x000000008a2fe190) 
thrown [s\open\src\hotspot\share\prims\jni.cpp, line 516]
Event: 1.459 Thread 0x0000016922fcd370 Exception <a 'sun/nio/fs/WindowsException'{0x000000008a2fe780}> (0x000000008a2fe780) 
thrown [s\open\src\hotspot\share\prims\jni.cpp, line 516]
Event: 1.459 Thread 0x0000016922fcd370 Exception <a 'sun/nio/fs/WindowsException'{0x000000008a2feab0}> (0x000000008a2feab0) 
thrown [s\open\src\hotspot\share\prims\jni.cpp, line 516]
Event: 1.461 Thread 0x0000016922fcd370 Exception <a 'sun/nio/fs/WindowsException'{0x000000008a10ea58}> (0x000000008a10ea58) 
thrown [s\open\src\hotspot\share\prims\jni.cpp, line 516]
Event: 1.461 Thread 0x0000016922fcd370 Exception <a 'sun/nio/fs/WindowsException'{0x000000008a10f0b8}> (0x000000008a10f0b8) 
thrown [s\open\src\hotspot\share\prims\jni.cpp, line 516]
Event: 1.461 Thread 0x0000016922fcd370 Exception <a 'sun/nio/fs/WindowsException'{0x000000008a10f6a8}> (0x000000008a10f6a8) 
thrown [s\open\src\hotspot\share\prims\jni.cpp, line 516]
Event: 1.461 Thread 0x0000016922fcd370 Exception <a 'sun/nio/fs/WindowsException'{0x000000008a10f940}> (0x000000008a10f940) 
thrown [s\open\src\hotspot\share\prims\jni.cpp, line 516]
Event: 1.463 Thread 0x0000016922fcd370 Exception <a 'sun/nio/fs/WindowsException'{0x000000008a1483b0}> (0x000000008a1483b0) 
thrown [s\open\src\hotspot\share\prims\jni.cpp, line 516]
Event: 1.481 Thread 0x0000016922fcd370 Exception <a 'java/lang/NoSuchMethodError'{0x0000000089fd0ac0}: 'void java.lang.invoke.DirectMethodHandle$Holder.invokeSpecialIFC(java.lang.Object, java.lang.Object, java.lang.Object, java.lang.Object)'> (0x0000000089fd0ac0) 
thrown [s\open\src\hotspot\share\interpreter\linkResolver.cpp, line 759]
Event: 1.503 Thread 0x0000016922fcd370 Exception <a 'java/lang/NoSuchMethodError'{0x0000000089dd8418}: 'int java.lang.invoke.DirectMethodHandle$Holder.invokeStaticInit(java.lang.Object, java.lang.Object)'> (0x0000000089dd8418) 
thrown [s\open\src\hotspot\share\interpreter\linkResolver.cpp, line 759]

VM Operations (20 events):
Event: 0.379 Executing VM operation: HandshakeAllThreads done
Event: 0.380 Executing VM operation: HandshakeAllThreads
Event: 0.380 Executing VM operation: HandshakeAllThreads done
Event: 0.459 Executing VM operation: G1CollectForAllocation
Event: 0.470 Executing VM operation: G1CollectForAllocation done
Event: 0.616 Executing VM operation: G1CollectForAllocation
Event: 0.633 Executing VM operation: G1CollectForAllocation done
Event: 0.741 Executing VM operation: G1CollectForAllocation
Event: 0.767 Executing VM operation: G1CollectForAllocation done
Event: 0.852 Executing VM operation: HandshakeAllThreads
Event: 0.852 Executing VM operation: HandshakeAllThreads done
Event: 0.874 Executing VM operation: HandshakeAllThreads
Event: 0.874 Executing VM operation: HandshakeAllThreads done
Event: 1.080 Executing VM operation: G1CollectForAllocation
Event: 1.096 Executing VM operation: G1CollectForAllocation done
Event: 1.314 Executing VM operation: HandshakeAllThreads
Event: 1.314 Executing VM operation: HandshakeAllThreads done
Event: 1.368 Executing VM operation: HandshakeAllThreads
Event: 1.368 Executing VM operation: HandshakeAllThreads done
Event: 1.516 Executing VM operation: G1CollectForAllocation

Events (20 events):
Event: 1.417 loading class java/util/IdentityHashMap$EntrySet
Event: 1.418 loading class java/util/IdentityHashMap$EntrySet done
Event: 1.418 loading class java/util/IdentityHashMap$EntryIterator
Event: 1.419 loading class java/util/IdentityHashMap$EntryIterator done
Event: 1.419 loading class java/util/IdentityHashMap$EntryIterator$Entry
Event: 1.419 loading class java/util/IdentityHashMap$EntryIterator$Entry done
Event: 1.425 loading class jdk/internal/reflect/UnsafeIntegerFieldAccessorImpl
Event: 1.425 loading class jdk/internal/reflect/UnsafeIntegerFieldAccessorImpl done
Event: 1.425 loading class jdk/internal/reflect/UnsafeObjectFieldAccessorImpl
Event: 1.425 loading class jdk/internal/reflect/UnsafeObjectFieldAccessorImpl done
Event: 1.425 loading class jdk/internal/reflect/UnsafeBooleanFieldAccessorImpl
Event: 1.425 loading class jdk/internal/reflect/UnsafeBooleanFieldAccessorImpl done
Event: 1.429 loading class java/util/regex/Pattern$1
Event: 1.429 loading class java/util/regex/Pattern$1 done
Event: 1.429 loading class java/time/Duration$Lazy
Event: 1.429 loading class java/time/Duration$Lazy done
Event: 1.452 loading class java/lang/invoke/MethodHandle$1
Event: 1.452 loading class java/lang/invoke/MethodHandle$1 done
Event: 1.511 loading class java/util/logging/Filter
Event: 1.511 loading class java/util/logging/Filter done


Dynamic libraries:
0x00007ff750ec0000 - 0x00007ff750ed0000 	C:\Program Files\Java\jdk-17\bin\java.EXE
0x00007fff7c5d0000 - 0x00007fff7c7e7000 	C:\Windows\SYSTEM32\ntdll.dll
0x00007fff7b360000 - 0x00007fff7b424000 	C:\Windows\System32\KERNEL32.DLL
0x00007fff79a60000 - 0x00007fff79e05000 	C:\Windows\System32\KERNELBASE.dll
0x00007fff79940000 - 0x00007fff79a51000 	C:\Windows\System32\ucrtbase.dll
0x00007fff69c70000 - 0x00007fff69c8b000 	C:\Program Files\Java\jdk-17\bin\VCRUNTIME140.dll
0x00007fff66740000 - 0x00007fff66759000 	C:\Program Files\Java\jdk-17\bin\jli.dll
0x00007fff7bb20000 - 0x00007fff7bbd1000 	C:\Windows\System32\ADVAPI32.dll
0x00007fff7b2b0000 - 0x00007fff7b357000 	C:\Windows\System32\msvcrt.dll
0x00007fff7b470000 - 0x00007fff7b516000 	C:\Windows\System32\sechost.dll
0x00007fff7c210000 - 0x00007fff7c327000 	C:\Windows\System32\RPCRT4.dll
0x00007fff7c3a0000 - 0x00007fff7c54e000 	C:\Windows\System32\USER32.dll
0x00007fff79e10000 - 0x00007fff79e36000 	C:\Windows\System32\win32u.dll
0x00007fff7bff0000 - 0x00007fff7c019000 	C:\Windows\System32\GDI32.dll
0x00007fff7a180000 - 0x00007fff7a299000 	C:\Windows\System32\gdi32full.dll
0x00007fff58ef0000 - 0x00007fff59183000 	C:\Windows\WinSxS\amd64_microsoft.windows.common-controls_6595b64144ccf1df_6.0.22621.2506_none_270c5ae97388e100\COMCTL32.dll
0x00007fff7a070000 - 0x00007fff7a10a000 	C:\Windows\System32\msvcp_win.dll
0x00007fff62630000 - 0x00007fff6263a000 	C:\Windows\SYSTEM32\VERSION.dll
0x00007fff7c550000 - 0x00007fff7c581000 	C:\Windows\System32\IMM32.DLL
0x00007fff75fa0000 - 0x00007fff75fac000 	C:\Program Files\Java\jdk-17\bin\vcruntime140_1.dll
0x00007fff53a90000 - 0x00007fff53b1e000 	C:\Program Files\Java\jdk-17\bin\msvcp140.dll
0x00007fff2c6a0000 - 0x00007fff2d281000 	C:\Program Files\Java\jdk-17\bin\server\jvm.dll
0x00007fff7b440000 - 0x00007fff7b448000 	C:\Windows\System32\PSAPI.DLL
0x00007fff56180000 - 0x00007fff56189000 	C:\Windows\SYSTEM32\WSOCK32.dll
0x00007fff6e1f0000 - 0x00007fff6e224000 	C:\Windows\SYSTEM32\WINMM.dll
0x00007fff7a9d0000 - 0x00007fff7aa41000 	C:\Windows\System32\WS2_32.dll
0x00007fff788b0000 - 0x00007fff788c8000 	C:\Windows\SYSTEM32\kernel.appcore.dll
0x00007fff723c0000 - 0x00007fff723ca000 	C:\Program Files\Java\jdk-17\bin\jimage.dll
0x00007fff77130000 - 0x00007fff77363000 	C:\Windows\SYSTEM32\DBGHELP.DLL
0x00007fff7bc60000 - 0x00007fff7bfe9000 	C:\Windows\System32\combase.dll
0x00007fff7a460000 - 0x00007fff7a537000 	C:\Windows\System32\OLEAUT32.dll
0x00007fff540c0000 - 0x00007fff540f2000 	C:\Windows\SYSTEM32\dbgcore.DLL
0x00007fff7a2a0000 - 0x00007fff7a31a000 	C:\Windows\System32\bcryptPrimitives.dll
0x00007fff70f00000 - 0x00007fff70f0e000 	C:\Program Files\Java\jdk-17\bin\instrument.dll
0x00007fff63ce0000 - 0x00007fff63d05000 	C:\Program Files\Java\jdk-17\bin\java.dll
0x00007fff5cd30000 - 0x00007fff5cd6b000 	C:\Program Files\Java\jdk-17\bin\jdwp.dll
0x00007fff4d070000 - 0x00007fff4d147000 	C:\Program Files\Java\jdk-17\bin\jsvml.dll
0x00007fff7aa50000 - 0x00007fff7b2a9000 	C:\Windows\System32\SHELL32.dll
0x00007fff77810000 - 0x00007fff78104000 	C:\Windows\SYSTEM32\windows.storage.dll
0x00007fff776d0000 - 0x00007fff7780e000 	C:\Windows\SYSTEM32\wintypes.dll
0x00007fff7b9a0000 - 0x00007fff7ba93000 	C:\Windows\System32\SHCORE.dll
0x00007fff7bbe0000 - 0x00007fff7bc3e000 	C:\Windows\System32\shlwapi.dll
0x00007fff79870000 - 0x00007fff79896000 	C:\Windows\SYSTEM32\profapi.dll
0x00007fff632b0000 - 0x00007fff632c8000 	C:\Program Files\Java\jdk-17\bin\zip.dll
0x00007fff63cc0000 - 0x00007fff63cd9000 	C:\Program Files\Java\jdk-17\bin\net.dll
0x00007fff72220000 - 0x00007fff72357000 	C:\Windows\SYSTEM32\WINHTTP.dll
0x00007fff78da0000 - 0x00007fff78e09000 	C:\Windows\system32\mswsock.dll
0x00007fff63460000 - 0x00007fff63476000 	C:\Program Files\Java\jdk-17\bin\nio.dll
0x00007fff70db0000 - 0x00007fff70dbc000 	C:\Program Files\Java\jdk-17\bin\dt_socket.dll
0x00007fff78370000 - 0x00007fff7839d000 	C:\Windows\SYSTEM32\IPHLPAPI.DLL
0x00007fff783e0000 - 0x00007fff784d9000 	C:\Windows\SYSTEM32\DNSAPI.dll
0x00007fff7bb10000 - 0x00007fff7bb19000 	C:\Windows\System32\NSI.dll
0x00007fff6e1c0000 - 0x00007fff6e1ca000 	C:\Windows\System32\rasadhlp.dll
0x00007fff695e0000 - 0x00007fff69663000 	C:\Windows\System32\fwpuclnt.dll
0x00007fff6e180000 - 0x00007fff6e18a000 	C:\Program Files\Java\jdk-17\bin\management.dll
0x00007fff6e080000 - 0x00007fff6e08b000 	C:\Program Files\Java\jdk-17\bin\management_ext.dll
0x00007fff720b0000 - 0x00007fff720c0000 	C:\Program Files\Java\jdk-17\bin\verify.dll

dbghelp: loaded successfully - version: 4.0.5 - missing functions: none
symbol engine: initialized successfully - sym options: 0x614 - pdb path: .;C:\Program Files\Java\jdk-17\bin;C:\Windows\SYSTEM32;C:\Windows\WinSxS\amd64_microsoft.windows.common-controls_6595b64144ccf1df_6.0.22621.2506_none_270c5ae97388e100;C:\Program Files\Java\jdk-17\bin\server

VM Arguments:
jvm_args: -Dquarkus-internal.serialized-app-model.path=C:\Users\Usuario\Documents\ProjetosGit\ProjetoTopicos1\target\quarkus\bootstrap\dev-app-model.dat -javaagent:C:\Users\Usuario\.m2\repository\io\quarkus\quarkus-class-change-agent\3.2.4.Final\quarkus-class-change-agent-3.2.4.Final.jar -XX:TieredStopAtLevel=1 -agentlib:jdwp=transport=dt_socket,address=localhost:5005,server=y,suspend=n -Djava.util.logging.manager=org.jboss.logmanager.LogManager 
java_command: C:\Users\Usuario\Documents\ProjetosGit\ProjetoTopicos1\target\quarkus-topicos1-2023-2-dev.jar
java_class_path (initial): C:\Users\Usuario\Documents\ProjetosGit\ProjetoTopicos1\target\quarkus-topicos1-2023-2-dev.jar
Launcher Type: SUN_STANDARD

[Global flags]
     intx CICompilerCount                          = 4                                         {product} {ergonomic}
     uint ConcGCThreads                            = 3                                         {product} {ergonomic}
     uint G1ConcRefinementThreads                  = 10                                        {product} {ergonomic}
   size_t G1HeapRegionSize                         = 1048576                                   {product} {ergonomic}
    uintx GCDrainStackTargetSize                   = 64                                        {product} {ergonomic}
   size_t InitialHeapSize                          = 130023424                                 {product} {ergonomic}
   size_t MarkStackSize                            = 4194304                                   {product} {ergonomic}
   size_t MaxHeapSize                              = 2080374784                                {product} {ergonomic}
   size_t MaxNewSize                               = 1247805440                                {product} {ergonomic}
   size_t MinHeapDeltaBytes                        = 1048576                                   {product} {ergonomic}
   size_t MinHeapSize                              = 8388608                                   {product} {ergonomic}
    uintx NonProfiledCodeHeapSize                  = 0                                      {pd product} {ergonomic}
     bool ProfileInterpreter                       = false                                  {pd product} {command line}
    uintx ProfiledCodeHeapSize                     = 0                                      {pd product} {ergonomic}
   size_t SoftMaxHeapSize                          = 2080374784                             {manageable} {ergonomic}
     intx TieredStopAtLevel                        = 1                                         {product} {command line}
     bool UseCompressedClassPointers               = true                           {product lp64_product} {ergonomic}
     bool UseCompressedOops                        = true                           {product lp64_product} {ergonomic}
     bool UseG1GC                                  = true                                      {product} {ergonomic}
     bool UseLargePagesIndividualAllocation        = false                                  {pd product} {ergonomic}

Logging:
Log output configuration:
 #0: stdout all=warning uptime,level,tags
 #1: stderr all=off uptime,level,tags

Environment Variables:
JAVA_HOME=C:\Program Files\Java\jdk-17
PATH=C:\Program Files (x86)\Common Files\Oracle\Java\javapath;%JAVA_HOME\bin;C:\Windows\system32;C:\Windows;C:\Windows\System32\Wbem;C:\Windows\System32\WindowsPowerShell\v1.0\;C:\Windows\System32\OpenSSH\;C:\Program Files\Docker\Docker\resources\bin;C:\Program Files\Git\cmd;C:\Program Files\OpenSSL-Win64\bin;C:\Program Files\dotnet\;C:\Users\Usuario\AppData\Local\Microsoft\WindowsApps;C:\Users\Usuario\AppData\Local\Programs\Microsoft VS Code\bin;
USERNAME=Usuario
LANG=pt_BR.UTF-8
OS=Windows_NT
PROCESSOR_IDENTIFIER=Intel64 Family 6 Model 154 Stepping 4, GenuineIntel



---------------  S Y S T E M  ---------------

OS:
 Windows 11 , 64 bit Build 22621 (10.0.22621.2506)
OS uptime: 23 days 2:53 hours
Hyper-V role detected

CPU: total 12 (initial active 12) (6 cores per cpu, 2 threads per core) family 6 model 154 stepping 4 microcode 0x423, cx8, cmov, fxsr, ht, mmx, 3dnowpref, sse, sse2, sse3, ssse3, sse4.1, sse4.2, popcnt, lzcnt, tsc, tscinvbit, avx, avx2, aes, erms, clmul, bmi1, bmi2, adx, sha, fma, vzeroupper, clflush, clflushopt, clwb, hv

Memory: 4k page, system-wide physical 7933M (470M free)
TotalPageFile size 12029M (AvailPageFile size 60M)
current process WorkingSet (physical memory assigned to process): 149M, peak: 149M
current process commit charge ("private bytes"): 244M, peak: 365M

vm_info: Java HotSpot(TM) 64-Bit Server VM (17.0.9+11-LTS-201) for windows-amd64 JRE (17.0.9+11-LTS-201), built on Oct 10 2023 23:16:06 by "mach5one" with MS VC++ 17.1 (VS2022)

END.
